[ 2016-11-11T09:46:03+08:00 ] 127.0.0.1 /admin.php
INFO: [ app_init ] --START--
INFO: Run Behavior\BuildLiteBehavior [ RunTime:0.000000s ]
INFO: [ app_init ] --END-- [ RunTime:0.017001s ]
INFO: [ app_begin ] --START--
INFO: Run Behavior\ReadHtmlCacheBehavior [ RunTime:0.008000s ]
INFO: [ app_begin ] --END-- [ RunTime:0.008000s ]
INFO: [ view_parse ] --START--
INFO: [ template_filter ] --START--
INFO: Run Behavior\ContentReplaceBehavior [ RunTime:0.000000s ]
INFO: [ template_filter ] --END-- [ RunTime:0.000000s ]
INFO: Run Behavior\ParseTemplateBehavior [ RunTime:0.046003s ]
INFO: [ view_parse ] --END-- [ RunTime:0.046003s ]
INFO: [ view_filter ] --START--
INFO: Run Behavior\WriteHtmlCacheBehavior [ RunTime:0.013001s ]
INFO: [ view_filter ] --END-- [ RunTime:0.013001s ]
INFO: [ app_end ] --START--
INFO: Run Behavior\ShowPageTraceBehavior [ RunTime:0.009000s ]
INFO: [ app_end ] --END-- [ RunTime:0.009000s ]

[ 2016-11-11T09:46:08+08:00 ] 127.0.0.1 /admin.php/Login/dologin
INFO: [ app_init ] --START--
INFO: Run Behavior\BuildLiteBehavior [ RunTime:0.000000s ]
INFO: [ app_init ] --END-- [ RunTime:0.000000s ]
INFO: [ app_begin ] --START--
INFO: Run Behavior\ReadHtmlCacheBehavior [ RunTime:0.002001s ]
INFO: [ app_begin ] --END-- [ RunTime:0.002001s ]
NOTIC: [8192] mysql_connect(): The mysql extension is deprecated and will be removed in the future: use mysqli or PDO instead E:\PhpstormProjects\myzteshop\ThinkPHP\Library\Think\Db\Driver\Mysql.class.php Á¨¨ 52 Ë°å.
NOTIC: [2] mysql_connect(): ÔøΩÔøΩÔøΩÔøΩƒøÔøΩÔøΩÔøΩÔøΩÔøΩÔøΩÔøΩÔøΩÔøΩÔøΩ‹æÔøΩÔøΩÔøΩÔøΩﬁ∑ÔøΩÔøΩÔøΩÔøΩ”°ÔøΩ
 E:\PhpstormProjects\myzteshop\ThinkPHP\Library\Think\Db\Driver\Mysql.class.php Á¨¨ 52 Ë°å.
ERR: ”…”⁄ƒø±Íº∆À„ª˙ª˝º´æ‹æ¯£¨Œﬁ∑®¡¨Ω”°£


[ 2016-11-11T09:46:24+08:00 ] 127.0.0.1 /admin.php
INFO: [ app_init ] --START--
INFO: Run Behavior\BuildLiteBehavior [ RunTime:0.000000s ]
INFO: [ app_init ] --END-- [ RunTime:0.001000s ]
INFO: [ app_begin ] --START--
INFO: Run Behavior\ReadHtmlCacheBehavior [ RunTime:0.001000s ]
INFO: [ app_begin ] --END-- [ RunTime:0.001000s ]
INFO: [ view_parse ] --START--
INFO: [ template_filter ] --START--
INFO: Run Behavior\ContentReplaceBehavior [ RunTime:0.000000s ]
INFO: [ template_filter ] --END-- [ RunTime:0.000000s ]
INFO: Run Behavior\ParseTemplateBehavior [ RunTime:0.009000s ]
INFO: [ view_parse ] --END-- [ RunTime:0.009000s ]
INFO: [ view_filter ] --START--
INFO: Run Behavior\WriteHtmlCacheBehavior [ RunTime:0.001000s ]
INFO: [ view_filter ] --END-- [ RunTime:0.001000s ]
INFO: [ app_end ] --START--
INFO: Run Behavior\ShowPageTraceBehavior [ RunTime:0.001000s ]
INFO: [ app_end ] --END-- [ RunTime:0.001000s ]

[ 2016-11-11T09:46:28+08:00 ] 127.0.0.1 /admin.php/Login/dologin
INFO: [ app_init ] --START--
INFO: Run Behavior\BuildLiteBehavior [ RunTime:0.000000s ]
INFO: [ app_init ] --END-- [ RunTime:0.000000s ]
INFO: [ app_begin ] --START--
INFO: Run Behavior\ReadHtmlCacheBehavior [ RunTime:0.001000s ]
INFO: [ app_begin ] --END-- [ RunTime:0.001000s ]
NOTIC: [8192] mysql_connect(): The mysql extension is deprecated and will be removed in the future: use mysqli or PDO instead E:\PhpstormProjects\myzteshop\ThinkPHP\Library\Think\Db\Driver\Mysql.class.php Á¨¨ 52 Ë°å.
NOTIC: [2] mysql_connect(): ÔøΩÔøΩÔøΩÔøΩƒøÔøΩÔøΩÔøΩÔøΩÔøΩÔøΩÔøΩÔøΩÔøΩÔøΩ‹æÔøΩÔøΩÔøΩÔøΩﬁ∑ÔøΩÔøΩÔøΩÔøΩ”°ÔøΩ
 E:\PhpstormProjects\myzteshop\ThinkPHP\Library\Think\Db\Driver\Mysql.class.php Á¨¨ 52 Ë°å.
ERR: ”…”⁄ƒø±Íº∆À„ª˙ª˝º´æ‹æ¯£¨Œﬁ∑®¡¨Ω”°£


[ 2016-11-11T09:55:07+08:00 ] 127.0.0.1 /admin.php
INFO: [ app_init ] --START--
INFO: Run Behavior\BuildLiteBehavior [ RunTime:0.000000s ]
INFO: [ app_init ] --END-- [ RunTime:0.001000s ]
INFO: [ app_begin ] --START--
INFO: Run Behavior\ReadHtmlCacheBehavior [ RunTime:0.000000s ]
INFO: [ app_begin ] --END-- [ RunTime:0.001000s ]
INFO: [ view_parse ] --START--
INFO: [ template_filter ] --START--
INFO: Run Behavior\ContentReplaceBehavior [ RunTime:0.000000s ]
INFO: [ template_filter ] --END-- [ RunTime:0.000000s ]
INFO: Run Behavior\ParseTemplateBehavior [ RunTime:0.009000s ]
INFO: [ view_parse ] --END-- [ RunTime:0.009000s ]
INFO: [ view_filter ] --START--
INFO: Run Behavior\WriteHtmlCacheBehavior [ RunTime:0.000000s ]
INFO: [ view_filter ] --END-- [ RunTime:0.000000s ]
INFO: [ app_end ] --START--
INFO: Run Behavior\ShowPageTraceBehavior [ RunTime:0.001000s ]
INFO: [ app_end ] --END-- [ RunTime:0.001000s ]

[ 2016-11-11T09:55:12+08:00 ] 127.0.0.1 /admin.php/Login/dologin
INFO: [ app_init ] --START--
INFO: Run Behavior\BuildLiteBehavior [ RunTime:0.000000s ]
INFO: [ app_init ] --END-- [ RunTime:0.000000s ]
INFO: [ app_begin ] --START--
INFO: Run Behavior\ReadHtmlCacheBehavior [ RunTime:0.001000s ]
INFO: [ app_begin ] --END-- [ RunTime:0.001000s ]
NOTIC: [8192] mysql_connect(): The mysql extension is deprecated and will be removed in the future: use mysqli or PDO instead E:\PhpstormProjects\myzteshop\ThinkPHP\Library\Think\Db\Driver\Mysql.class.php Á¨¨ 52 Ë°å.
SQL: SHOW COLUMNS FROM `tb_admin` [ RunTime:0.011000s ]
SQL: SELECT * FROM `tb_admin` WHERE `username` = '' AND `password` = 'd41d8cd98f00b204e9800998ecf8427e' LIMIT 1   [ RunTime:0.001000s ]
INFO: [ view_parse ] --START--
INFO: [ template_filter ] --START--
INFO: Run Behavior\ContentReplaceBehavior [ RunTime:0.000000s ]
INFO: [ template_filter ] --END-- [ RunTime:0.000000s ]
INFO: Run Behavior\ParseTemplateBehavior [ RunTime:0.023001s ]
INFO: [ view_parse ] --END-- [ RunTime:0.023001s ]
INFO: [ view_filter ] --START--
INFO: Run Behavior\WriteHtmlCacheBehavior [ RunTime:0.000000s ]
INFO: [ view_filter ] --END-- [ RunTime:0.001000s ]

[ 2016-11-11T09:55:25+08:00 ] 127.0.0.1 /admin.php/Login/dologin
INFO: [ app_init ] --START--
INFO: Run Behavior\BuildLiteBehavior [ RunTime:0.000000s ]
INFO: [ app_init ] --END-- [ RunTime:0.000000s ]
INFO: [ app_begin ] --START--
INFO: Run Behavior\ReadHtmlCacheBehavior [ RunTime:0.001000s ]
INFO: [ app_begin ] --END-- [ RunTime:0.001000s ]
NOTIC: [8192] mysql_connect(): The mysql extension is deprecated and will be removed in the future: use mysqli or PDO instead E:\PhpstormProjects\myzteshop\ThinkPHP\Library\Think\Db\Driver\Mysql.class.php Á¨¨ 52 Ë°å.
SQL: SHOW COLUMNS FROM `tb_admin` [ RunTime:0.011001s ]
SQL: SELECT * FROM `tb_admin` WHERE `username` = '' AND `password` = 'd41d8cd98f00b204e9800998ecf8427e' LIMIT 1   [ RunTime:0.001000s ]
INFO: [ view_parse ] --START--
INFO: [ template_filter ] --START--
INFO: Run Behavior\ContentReplaceBehavior [ RunTime:0.000000s ]
INFO: [ template_filter ] --END-- [ RunTime:0.000000s ]
INFO: Run Behavior\ParseTemplateBehavior [ RunTime:0.010001s ]
INFO: [ view_parse ] --END-- [ RunTime:0.010001s ]
INFO: [ view_filter ] --START--
INFO: Run Behavior\WriteHtmlCacheBehavior [ RunTime:0.001000s ]
INFO: [ view_filter ] --END-- [ RunTime:0.001000s ]

[ 2016-11-11T09:57:15+08:00 ] 127.0.0.1 /admin.php/Login/dologin
INFO: [ app_init ] --START--
INFO: Run Behavior\BuildLiteBehavior [ RunTime:0.000000s ]
INFO: [ app_init ] --END-- [ RunTime:0.001000s ]
INFO: [ app_begin ] --START--
INFO: Run Behavior\ReadHtmlCacheBehavior [ RunTime:0.001000s ]
INFO: [ app_begin ] --END-- [ RunTime:0.001000s ]
NOTIC: [8192] mysql_connect(): The mysql extension is deprecated and will be removed in the future: use mysqli or PDO instead E:\PhpstormProjects\myzteshop\ThinkPHP\Library\Think\Db\Driver\Mysql.class.php Á¨¨ 52 Ë°å.
SQL: SHOW COLUMNS FROM `tb_admin` [ RunTime:0.004000s ]
SQL: SELECT * FROM `tb_admin` WHERE `username` = 'admin' AND `password` = '21232f297a57a5a743894a0e4a801fc3' LIMIT 1   [ RunTime:0.000000s ]

[ 2016-11-11T09:57:15+08:00 ] 127.0.0.1 /admin.php/index/index.html
INFO: [ app_init ] --START--
INFO: Run Behavior\BuildLiteBehavior [ RunTime:0.000000s ]
INFO: [ app_init ] --END-- [ RunTime:0.001000s ]
INFO: [ app_begin ] --START--
INFO: Run Behavior\ReadHtmlCacheBehavior [ RunTime:0.001000s ]
INFO: [ app_begin ] --END-- [ RunTime:0.001000s ]
INFO: [ view_parse ] --START--
INFO: [ template_filter ] --START--
INFO: Run Behavior\ContentReplaceBehavior [ RunTime:0.000000s ]
INFO: [ template_filter ] --END-- [ RunTime:0.000000s ]
INFO: [ view_parse ] --START--
INFO: [ template_filter ] --START--
INFO: Run Behavior\ContentReplaceBehavior [ RunTime:0.000000s ]
INFO: [ template_filter ] --END-- [ RunTime:-0.004001s ]
NOTIC: [2] Illegal string offset 'username' E:\PhpstormProjects\myzteshop\Application\Runtime\Cache\Admin\4525902947e4a27cbfa6d5cd87046df0.php Á¨¨ 1 Ë°å.
INFO: Run Behavior\ParseTemplateBehavior [ RunTime:0.002000s ]
INFO: [ view_parse ] --END-- [ RunTime:0.002000s ]
INFO: [ view_filter ] --START--
INFO: Run Behavior\WriteHtmlCacheBehavior [ RunTime:0.001000s ]
INFO: [ view_filter ] --END-- [ RunTime:0.001000s ]
INFO: Run Behavior\ParseTemplateBehavior [ RunTime:0.003000s ]
INFO: [ view_parse ] --END-- [ RunTime:0.002000s ]
INFO: [ view_filter ] --START--
INFO: Run Behavior\WriteHtmlCacheBehavior [ RunTime:0.000000s ]
INFO: [ view_filter ] --END-- [ RunTime:0.000000s ]
INFO: [ app_end ] --START--
INFO: Run Behavior\ShowPageTraceBehavior [ RunTime:0.001000s ]
INFO: [ app_end ] --END-- [ RunTime:0.001000s ]

[ 2016-11-11T09:57:41+08:00 ] 127.0.0.1 /admin.php/user/add.html
INFO: [ app_init ] --START--
INFO: Run Behavior\BuildLiteBehavior [ RunTime:0.000000s ]
INFO: [ app_init ] --END-- [ RunTime:0.001000s ]
INFO: [ app_begin ] --START--
INFO: Run Behavior\ReadHtmlCacheBehavior [ RunTime:0.001000s ]
INFO: [ app_begin ] --END-- [ RunTime:0.001000s ]
ERR: Êó†Ê≥ïÂä†ËΩΩÊéßÂà∂Âô®:User

[ 2016-11-11T09:58:04+08:00 ] 127.0.0.1 /admin.php/goods/add.html
INFO: [ app_init ] --START--
INFO: Run Behavior\BuildLiteBehavior [ RunTime:0.000000s ]
INFO: [ app_init ] --END-- [ RunTime:0.001000s ]
INFO: [ app_begin ] --START--
INFO: Run Behavior\ReadHtmlCacheBehavior [ RunTime:0.001000s ]
INFO: [ app_begin ] --END-- [ RunTime:0.001000s ]
ERR: Êó†Ê≥ïÂä†ËΩΩÊéßÂà∂Âô®:Goods

[ 2016-11-11T10:04:15+08:00 ] 127.0.0.1 /admin.php/index/index.html
INFO: [ app_init ] --START--
INFO: Run Behavior\BuildLiteBehavior [ RunTime:0.000000s ]
INFO: [ app_init ] --END-- [ RunTime:0.000000s ]
INFO: [ app_begin ] --START--
INFO: Run Behavior\ReadHtmlCacheBehavior [ RunTime:0.000000s ]
INFO: [ app_begin ] --END-- [ RunTime:0.000000s ]
INFO: [ view_parse ] --START--
INFO: [ template_filter ] --START--
INFO: Run Behavior\ContentReplaceBehavior [ RunTime:0.001000s ]
INFO: [ template_filter ] --END-- [ RunTime:0.001000s ]
INFO: [ view_parse ] --START--
INFO: [ template_filter ] --START--
INFO: Run Behavior\ContentReplaceBehavior [ RunTime:0.000000s ]
INFO: [ template_filter ] --END-- [ RunTime:-0.003000s ]
NOTIC: [2] Illegal string offset 'username' E:\PhpstormProjects\myzteshop\Application\Runtime\Cache\Admin\4525902947e4a27cbfa6d5cd87046df0.php Á¨¨ 1 Ë°å.
INFO: Run Behavior\ParseTemplateBehavior [ RunTime:0.002000s ]
INFO: [ view_parse ] --END-- [ RunTime:0.002000s ]
INFO: [ view_filter ] --START--
INFO: Run Behavior\WriteHtmlCacheBehavior [ RunTime:0.001000s ]
INFO: [ view_filter ] --END-- [ RunTime:0.001000s ]
INFO: Run Behavior\ParseTemplateBehavior [ RunTime:0.003000s ]
INFO: [ view_parse ] --END-- [ RunTime:0.002000s ]
INFO: [ view_filter ] --START--
INFO: Run Behavior\WriteHtmlCacheBehavior [ RunTime:0.000000s ]
INFO: [ view_filter ] --END-- [ RunTime:0.000000s ]
INFO: [ app_end ] --START--
INFO: Run Behavior\ShowPageTraceBehavior [ RunTime:0.000000s ]
INFO: [ app_end ] --END-- [ RunTime:0.000000s ]

[ 2016-11-11T10:04:21+08:00 ] 127.0.0.1 /admin.php/goods/add.html
INFO: [ app_init ] --START--
INFO: Run Behavior\BuildLiteBehavior [ RunTime:0.000000s ]
INFO: [ app_init ] --END-- [ RunTime:0.000000s ]
INFO: [ app_begin ] --START--
INFO: Run Behavior\ReadHtmlCacheBehavior [ RunTime:0.000000s ]
INFO: [ app_begin ] --END-- [ RunTime:0.000000s ]
ERR: Êó†Ê≥ïÂä†ËΩΩÊéßÂà∂Âô®:Goods

[ 2016-11-11T10:04:36+08:00 ] 127.0.0.1 /admin.php/index/index.html
INFO: [ app_init ] --START--
INFO: Run Behavior\BuildLiteBehavior [ RunTime:0.000000s ]
INFO: [ app_init ] --END-- [ RunTime:0.000000s ]
INFO: [ app_begin ] --START--
INFO: Run Behavior\ReadHtmlCacheBehavior [ RunTime:0.000000s ]
INFO: [ app_begin ] --END-- [ RunTime:0.000000s ]
INFO: [ view_parse ] --START--
INFO: [ template_filter ] --START--
INFO: Run Behavior\ContentReplaceBehavior [ RunTime:0.000000s ]
INFO: [ template_filter ] --END-- [ RunTime:0.000000s ]
INFO: [ view_parse ] --START--
INFO: [ template_filter ] --START--
INFO: Run Behavior\ContentReplaceBehavior [ RunTime:0.000000s ]
INFO: [ template_filter ] --END-- [ RunTime:-0.003000s ]
NOTIC: [2] Illegal string offset 'username' E:\PhpstormProjects\myzteshop\Application\Runtime\Cache\Admin\4525902947e4a27cbfa6d5cd87046df0.php Á¨¨ 1 Ë°å.
INFO: Run Behavior\ParseTemplateBehavior [ RunTime:0.001000s ]
INFO: [ view_parse ] --END-- [ RunTime:0.001000s ]
INFO: [ view_filter ] --START--
INFO: Run Behavior\WriteHtmlCacheBehavior [ RunTime:0.001000s ]
INFO: [ view_filter ] --END-- [ RunTime:0.001000s ]
INFO: Run Behavior\ParseTemplateBehavior [ RunTime:0.002000s ]
INFO: [ view_parse ] --END-- [ RunTime:0.001000s ]
INFO: [ view_filter ] --START--
INFO: Run Behavior\WriteHtmlCacheBehavior [ RunTime:0.000000s ]
INFO: [ view_filter ] --END-- [ RunTime:0.000000s ]
INFO: [ app_end ] --START--
INFO: Run Behavior\ShowPageTraceBehavior [ RunTime:0.001000s ]
INFO: [ app_end ] --END-- [ RunTime:0.001000s ]

[ 2016-11-11T10:04:38+08:00 ] 127.0.0.1 /admin.php/index/index.html
INFO: [ app_init ] --START--
INFO: Run Behavior\BuildLiteBehavior [ RunTime:0.000000s ]
INFO: [ app_init ] --END-- [ RunTime:0.001000s ]
INFO: [ app_begin ] --START--
INFO: Run Behavior\ReadHtmlCacheBehavior [ RunTime:0.001000s ]
INFO: [ app_begin ] --END-- [ RunTime:0.001000s ]
INFO: [ view_parse ] --START--
INFO: [ template_filter ] --START--
INFO: Run Behavior\ContentReplaceBehavior [ RunTime:0.000000s ]
INFO: [ template_filter ] --END-- [ RunTime:0.000000s ]
INFO: [ view_parse ] --START--
INFO: [ template_filter ] --START--
INFO: Run Behavior\ContentReplaceBehavior [ RunTime:0.000000s ]
INFO: [ template_filter ] --END-- [ RunTime:-0.003000s ]
NOTIC: [2] Illegal string offset 'username' E:\PhpstormProjects\myzteshop\Application\Runtime\Cache\Admin\4525902947e4a27cbfa6d5cd87046df0.php Á¨¨ 1 Ë°å.
INFO: Run Behavior\ParseTemplateBehavior [ RunTime:0.002000s ]
INFO: [ view_parse ] --END-- [ RunTime:0.002000s ]
INFO: [ view_filter ] --START--
INFO: Run Behavior\WriteHtmlCacheBehavior [ RunTime:0.000000s ]
INFO: [ view_filter ] --END-- [ RunTime:0.000000s ]
INFO: Run Behavior\ParseTemplateBehavior [ RunTime:0.002000s ]
INFO: [ view_parse ] --END-- [ RunTime:0.002000s ]
INFO: [ view_filter ] --START--
INFO: Run Behavior\WriteHtmlCacheBehavior [ RunTime:0.000000s ]
INFO: [ view_filter ] --END-- [ RunTime:0.000000s ]
INFO: [ app_end ] --START--
INFO: Run Behavior\ShowPageTraceBehavior [ RunTime:0.001000s ]
INFO: [ app_end ] --END-- [ RunTime:0.001000s ]

[ 2016-11-11T10:04:43+08:00 ] 127.0.0.1 /admin.php/goods/add.html
INFO: [ app_init ] --START--
INFO: Run Behavior\BuildLiteBehavior [ RunTime:0.000000s ]
INFO: [ app_init ] --END-- [ RunTime:0.001000s ]
INFO: [ app_begin ] --START--
INFO: Run Behavior\ReadHtmlCacheBehavior [ RunTime:0.001000s ]
INFO: [ app_begin ] --END-- [ RunTime:0.001000s ]
ERR: Êó†Ê≥ïÂä†ËΩΩÊéßÂà∂Âô®:Goods

[ 2016-11-11T10:05:40+08:00 ] 127.0.0.1 /admin.php/goods/add.html
INFO: [ app_init ] --START--
INFO: Run Behavior\BuildLiteBehavior [ RunTime:0.000000s ]
INFO: [ app_init ] --END-- [ RunTime:0.000000s ]
INFO: [ app_begin ] --START--
INFO: Run Behavior\ReadHtmlCacheBehavior [ RunTime:0.001000s ]
INFO: [ app_begin ] --END-- [ RunTime:0.001000s ]
NOTIC: [8192] mysql_connect(): The mysql extension is deprecated and will be removed in the future: use mysqli or PDO instead E:\PhpstormProjects\myzteshop\ThinkPHP\Library\Think\Db\Driver\Mysql.class.php Á¨¨ 52 Ë°å.
SQL: SHOW COLUMNS FROM `tb_goods` [ RunTime:0.020001s ]
NOTIC: [8] Use of undefined constant id - assumed 'id' E:\PhpstormProjects\myzteshop\Application\Admin\Controller\GoodsController.class.php Á¨¨ 45 Ë°å.
SQL: SELECT MAX(id) AS tp_MAX FROM `tb_goods` LIMIT 1   [ RunTime:0.000000s ]
SQL: SELECT * FROM `tb_goods` WHERE ( id=105 ) LIMIT 1   [ RunTime:0.014001s ]
NOTIC: [8] Undefined index: sub E:\PhpstormProjects\myzteshop\Application\Admin\Controller\GoodsController.class.php Á¨¨ 47 Ë°å.
ERR: Ê®°Êùø‰∏çÂ≠òÂú®:./Application/Admin/View/Goods/add.html

[ 2016-11-11T11:21:18+08:00 ] 127.0.0.1 /admin.php
INFO: [ app_init ] --START--
INFO: Run Behavior\BuildLiteBehavior [ RunTime:0.000000s ]
INFO: [ app_init ] --END-- [ RunTime:0.000000s ]
INFO: [ app_begin ] --START--
INFO: Run Behavior\ReadHtmlCacheBehavior [ RunTime:0.001001s ]
INFO: [ app_begin ] --END-- [ RunTime:0.001001s ]
INFO: [ view_parse ] --START--
INFO: [ template_filter ] --START--
INFO: Run Behavior\ContentReplaceBehavior [ RunTime:0.000000s ]
INFO: [ template_filter ] --END-- [ RunTime:0.000000s ]
INFO: Run Behavior\ParseTemplateBehavior [ RunTime:0.008000s ]
INFO: [ view_parse ] --END-- [ RunTime:0.008000s ]
INFO: [ view_filter ] --START--
INFO: Run Behavior\WriteHtmlCacheBehavior [ RunTime:0.000000s ]
INFO: [ view_filter ] --END-- [ RunTime:0.000000s ]
INFO: [ app_end ] --START--
INFO: Run Behavior\ShowPageTraceBehavior [ RunTime:0.000000s ]
INFO: [ app_end ] --END-- [ RunTime:0.000000s ]

[ 2016-11-11T11:21:23+08:00 ] 127.0.0.1 /admin.php/Login/dologin
INFO: [ app_init ] --START--
INFO: Run Behavior\BuildLiteBehavior [ RunTime:0.000000s ]
INFO: [ app_init ] --END-- [ RunTime:0.000000s ]
INFO: [ app_begin ] --START--
INFO: Run Behavior\ReadHtmlCacheBehavior [ RunTime:0.000000s ]
INFO: [ app_begin ] --END-- [ RunTime:0.000000s ]
NOTIC: [8192] mysql_connect(): The mysql extension is deprecated and will be removed in the future: use mysqli or PDO instead E:\PhpstormProjects\myzteshop\ThinkPHP\Library\Think\Db\Driver\Mysql.class.php Á¨¨ 52 Ë°å.
SQL: SHOW COLUMNS FROM `tb_admin` [ RunTime:0.006001s ]
SQL: SELECT * FROM `tb_admin` WHERE `username` = 'admin' AND `password` = 'd41d8cd98f00b204e9800998ecf8427e' LIMIT 1   [ RunTime:0.000000s ]
INFO: [ view_parse ] --START--
INFO: [ template_filter ] --START--
INFO: Run Behavior\ContentReplaceBehavior [ RunTime:0.000000s ]
INFO: [ template_filter ] --END-- [ RunTime:0.000000s ]
INFO: Run Behavior\ParseTemplateBehavior [ RunTime:0.005000s ]
INFO: [ view_parse ] --END-- [ RunTime:0.005000s ]
INFO: [ view_filter ] --START--
INFO: Run Behavior\WriteHtmlCacheBehavior [ RunTime:0.000000s ]
INFO: [ view_filter ] --END-- [ RunTime:0.000000s ]

[ 2016-11-11T11:21:36+08:00 ] 127.0.0.1 /admin.php/Login/dologin
INFO: [ app_init ] --START--
INFO: Run Behavior\BuildLiteBehavior [ RunTime:0.000000s ]
INFO: [ app_init ] --END-- [ RunTime:0.001000s ]
INFO: [ app_begin ] --START--
INFO: Run Behavior\ReadHtmlCacheBehavior [ RunTime:0.001000s ]
INFO: [ app_begin ] --END-- [ RunTime:0.001000s ]
NOTIC: [8192] mysql_connect(): The mysql extension is deprecated and will be removed in the future: use mysqli or PDO instead E:\PhpstormProjects\myzteshop\ThinkPHP\Library\Think\Db\Driver\Mysql.class.php Á¨¨ 52 Ë°å.
SQL: SHOW COLUMNS FROM `tb_admin` [ RunTime:0.005001s ]
SQL: SELECT * FROM `tb_admin` WHERE `username` = 'admin' AND `password` = '21232f297a57a5a743894a0e4a801fc3' LIMIT 1   [ RunTime:0.001000s ]

[ 2016-11-11T11:21:36+08:00 ] 127.0.0.1 /admin.php/index/index.html
INFO: [ app_init ] --START--
INFO: Run Behavior\BuildLiteBehavior [ RunTime:0.000000s ]
INFO: [ app_init ] --END-- [ RunTime:0.000000s ]
INFO: [ app_begin ] --START--
INFO: Run Behavior\ReadHtmlCacheBehavior [ RunTime:0.001000s ]
INFO: [ app_begin ] --END-- [ RunTime:0.001000s ]
INFO: [ view_parse ] --START--
INFO: [ template_filter ] --START--
INFO: Run Behavior\ContentReplaceBehavior [ RunTime:0.000000s ]
INFO: [ template_filter ] --END-- [ RunTime:0.000000s ]
INFO: [ view_parse ] --START--
INFO: [ template_filter ] --START--
INFO: Run Behavior\ContentReplaceBehavior [ RunTime:0.000000s ]
INFO: [ template_filter ] --END-- [ RunTime:-0.004000s ]
NOTIC: [2] Illegal string offset 'username' E:\PhpstormProjects\myzteshop\Application\Runtime\Cache\Admin\4525902947e4a27cbfa6d5cd87046df0.php Á¨¨ 1 Ë°å.
INFO: Run Behavior\ParseTemplateBehavior [ RunTime:0.001000s ]
INFO: [ view_parse ] --END-- [ RunTime:0.001000s ]
INFO: [ view_filter ] --START--
INFO: Run Behavior\WriteHtmlCacheBehavior [ RunTime:0.001000s ]
INFO: [ view_filter ] --END-- [ RunTime:0.001000s ]
INFO: Run Behavior\ParseTemplateBehavior [ RunTime:0.002000s ]
INFO: [ view_parse ] --END-- [ RunTime:0.001000s ]
INFO: [ view_filter ] --START--
INFO: Run Behavior\WriteHtmlCacheBehavior [ RunTime:0.000000s ]
INFO: [ view_filter ] --END-- [ RunTime:0.000000s ]
INFO: [ app_end ] --START--
INFO: Run Behavior\ShowPageTraceBehavior [ RunTime:0.001000s ]
INFO: [ app_end ] --END-- [ RunTime:0.001000s ]

[ 2016-11-11T11:21:42+08:00 ] 127.0.0.1 /admin.php/goods/add.html
INFO: [ app_init ] --START--
INFO: Run Behavior\BuildLiteBehavior [ RunTime:0.000000s ]
INFO: [ app_init ] --END-- [ RunTime:0.001000s ]
INFO: [ app_begin ] --START--
INFO: Run Behavior\ReadHtmlCacheBehavior [ RunTime:0.001000s ]
INFO: [ app_begin ] --END-- [ RunTime:0.001000s ]
NOTIC: [8192] mysql_connect(): The mysql extension is deprecated and will be removed in the future: use mysqli or PDO instead E:\PhpstormProjects\myzteshop\ThinkPHP\Library\Think\Db\Driver\Mysql.class.php Á¨¨ 52 Ë°å.
SQL: SHOW COLUMNS FROM `tb_goods` [ RunTime:0.004000s ]
NOTIC: [8] Use of undefined constant id - assumed 'id' E:\PhpstormProjects\myzteshop\Application\Admin\Controller\GoodsController.class.php Á¨¨ 45 Ë°å.
SQL: SELECT MAX(id) AS tp_MAX FROM `tb_goods` LIMIT 1   [ RunTime:0.000000s ]
SQL: SELECT * FROM `tb_goods` WHERE ( id=105 ) LIMIT 1   [ RunTime:0.001000s ]
NOTIC: [8] Undefined index: sub E:\PhpstormProjects\myzteshop\Application\Admin\Controller\GoodsController.class.php Á¨¨ 47 Ë°å.
INFO: [ view_parse ] --START--
INFO: [ template_filter ] --START--
INFO: Run Behavior\ContentReplaceBehavior [ RunTime:0.000000s ]
INFO: [ template_filter ] --END-- [ RunTime:0.000000s ]
NOTIC: [8] Undefined variable: goods E:\PhpstormProjects\myzteshop\Application\Runtime\Cache\Admin\346dfcdf6ec8d3c93d33b5eb4f636a21.php Á¨¨ 67 Ë°å.
INFO: Run Behavior\ParseTemplateBehavior [ RunTime:0.013001s ]
INFO: [ view_parse ] --END-- [ RunTime:0.013001s ]
INFO: [ view_filter ] --START--
INFO: Run Behavior\WriteHtmlCacheBehavior [ RunTime:0.000000s ]
INFO: [ view_filter ] --END-- [ RunTime:0.000000s ]
INFO: [ app_end ] --START--
INFO: Run Behavior\ShowPageTraceBehavior [ RunTime:0.001000s ]
INFO: [ app_end ] --END-- [ RunTime:0.001000s ]

[ 2016-11-11T11:22:57+08:00 ] 127.0.0.1 /admin.php/goods/add.html
INFO: [ app_init ] --START--
INFO: Run Behavior\BuildLiteBehavior [ RunTime:0.000000s ]
INFO: [ app_init ] --END-- [ RunTime:0.000000s ]
INFO: [ app_begin ] --START--
INFO: Run Behavior\ReadHtmlCacheBehavior [ RunTime:0.001000s ]
INFO: [ app_begin ] --END-- [ RunTime:0.001000s ]
NOTIC: [8192] mysql_connect(): The mysql extension is deprecated and will be removed in the future: use mysqli or PDO instead E:\PhpstormProjects\myzteshop\ThinkPHP\Library\Think\Db\Driver\Mysql.class.php Á¨¨ 52 Ë°å.
SQL: SHOW COLUMNS FROM `tb_goods` [ RunTime:0.005000s ]
NOTIC: [8] Use of undefined constant id - assumed 'id' E:\PhpstormProjects\myzteshop\Application\Admin\Controller\GoodsController.class.php Á¨¨ 45 Ë°å.
SQL: SELECT MAX(id) AS tp_MAX FROM `tb_goods` LIMIT 1   [ RunTime:0.002000s ]
SQL: SELECT * FROM `tb_goods` WHERE ( id=105 ) LIMIT 1   [ RunTime:0.001000s ]
NOTIC: [8] Undefined index: sub E:\PhpstormProjects\myzteshop\Application\Admin\Controller\GoodsController.class.php Á¨¨ 47 Ë°å.
INFO: [ view_parse ] --START--
INFO: [ template_filter ] --START--
INFO: Run Behavior\ContentReplaceBehavior [ RunTime:0.001000s ]
INFO: [ template_filter ] --END-- [ RunTime:0.001000s ]
INFO: [ view_parse ] --START--
INFO: [ template_filter ] --START--
INFO: Run Behavior\ContentReplaceBehavior [ RunTime:0.000000s ]
INFO: [ template_filter ] --END-- [ RunTime:-0.003000s ]
NOTIC: [2] Illegal string offset 'username' E:\PhpstormProjects\myzteshop\Application\Runtime\Cache\Admin\4525902947e4a27cbfa6d5cd87046df0.php Á¨¨ 1 Ë°å.
INFO: Run Behavior\ParseTemplateBehavior [ RunTime:0.003000s ]
INFO: [ view_parse ] --END-- [ RunTime:0.003000s ]
INFO: [ view_filter ] --START--
INFO: Run Behavior\WriteHtmlCacheBehavior [ RunTime:0.000000s ]
INFO: [ view_filter ] --END-- [ RunTime:0.000000s ]
INFO: Run Behavior\ParseTemplateBehavior [ RunTime:0.003000s ]
INFO: [ view_parse ] --END-- [ RunTime:0.003000s ]
INFO: [ view_filter ] --START--
INFO: Run Behavior\WriteHtmlCacheBehavior [ RunTime:0.000000s ]
INFO: [ view_filter ] --END-- [ RunTime:0.000000s ]
INFO: [ app_end ] --START--
INFO: Run Behavior\ShowPageTraceBehavior [ RunTime:0.001000s ]
INFO: [ app_end ] --END-- [ RunTime:0.001000s ]

[ 2016-11-11T11:23:06+08:00 ] 127.0.0.1 /admin.php/user/index.html
INFO: [ app_init ] --START--
INFO: Run Behavior\BuildLiteBehavior [ RunTime:0.000000s ]
INFO: [ app_init ] --END-- [ RunTime:0.001000s ]
INFO: [ app_begin ] --START--
INFO: Run Behavior\ReadHtmlCacheBehavior [ RunTime:0.001000s ]
INFO: [ app_begin ] --END-- [ RunTime:0.001000s ]
ERR: Êó†Ê≥ïÂä†ËΩΩÊéßÂà∂Âô®:User

[ 2016-11-11T11:23:12+08:00 ] 127.0.0.1 /admin.php/goods/add.html
INFO: [ app_init ] --START--
INFO: Run Behavior\BuildLiteBehavior [ RunTime:0.000000s ]
INFO: [ app_init ] --END-- [ RunTime:0.001000s ]
INFO: [ app_begin ] --START--
INFO: Run Behavior\ReadHtmlCacheBehavior [ RunTime:0.001000s ]
INFO: [ app_begin ] --END-- [ RunTime:0.001000s ]
NOTIC: [8192] mysql_connect(): The mysql extension is deprecated and will be removed in the future: use mysqli or PDO instead E:\PhpstormProjects\myzteshop\ThinkPHP\Library\Think\Db\Driver\Mysql.class.php Á¨¨ 52 Ë°å.
SQL: SHOW COLUMNS FROM `tb_goods` [ RunTime:0.005000s ]
NOTIC: [8] Use of undefined constant id - assumed 'id' E:\PhpstormProjects\myzteshop\Application\Admin\Controller\GoodsController.class.php Á¨¨ 45 Ë°å.
SQL: SELECT MAX(id) AS tp_MAX FROM `tb_goods` LIMIT 1   [ RunTime:0.001000s ]
SQL: SELECT * FROM `tb_goods` WHERE ( id=105 ) LIMIT 1   [ RunTime:0.001000s ]
NOTIC: [8] Undefined index: sub E:\PhpstormProjects\myzteshop\Application\Admin\Controller\GoodsController.class.php Á¨¨ 47 Ë°å.
INFO: [ view_parse ] --START--
INFO: [ template_filter ] --START--
INFO: Run Behavior\ContentReplaceBehavior [ RunTime:0.000000s ]
INFO: [ template_filter ] --END-- [ RunTime:0.000000s ]
INFO: [ view_parse ] --START--
INFO: [ template_filter ] --START--
INFO: Run Behavior\ContentReplaceBehavior [ RunTime:0.000000s ]
INFO: [ template_filter ] --END-- [ RunTime:-0.003000s ]
NOTIC: [2] Illegal string offset 'username' E:\PhpstormProjects\myzteshop\Application\Runtime\Cache\Admin\4525902947e4a27cbfa6d5cd87046df0.php Á¨¨ 1 Ë°å.
INFO: Run Behavior\ParseTemplateBehavior [ RunTime:0.001000s ]
INFO: [ view_parse ] --END-- [ RunTime:0.001000s ]
INFO: [ view_filter ] --START--
INFO: Run Behavior\WriteHtmlCacheBehavior [ RunTime:0.001000s ]
INFO: [ view_filter ] --END-- [ RunTime:0.001000s ]
INFO: Run Behavior\ParseTemplateBehavior [ RunTime:0.002000s ]
INFO: [ view_parse ] --END-- [ RunTime:0.001000s ]
INFO: [ view_filter ] --START--
INFO: Run Behavior\WriteHtmlCacheBehavior [ RunTime:0.000000s ]
INFO: [ view_filter ] --END-- [ RunTime:0.000000s ]
INFO: [ app_end ] --START--
INFO: Run Behavior\ShowPageTraceBehavior [ RunTime:0.001000s ]
INFO: [ app_end ] --END-- [ RunTime:0.001000s ]

[ 2016-11-11T11:24:03+08:00 ] 127.0.0.1 /admin.php/user/add.html
INFO: [ app_init ] --START--
INFO: Run Behavior\BuildLiteBehavior [ RunTime:0.000000s ]
INFO: [ app_init ] --END-- [ RunTime:0.000000s ]
INFO: [ app_begin ] --START--
INFO: Run Behavior\ReadHtmlCacheBehavior [ RunTime:0.001000s ]
INFO: [ app_begin ] --END-- [ RunTime:0.001000s ]
ERR: Êó†Ê≥ïÂä†ËΩΩÊéßÂà∂Âô®:User

[ 2016-11-11T11:24:09+08:00 ] 127.0.0.1 /admin.php/goods/add.html
INFO: [ app_init ] --START--
INFO: Run Behavior\BuildLiteBehavior [ RunTime:0.000000s ]
INFO: [ app_init ] --END-- [ RunTime:0.000000s ]
INFO: [ app_begin ] --START--
INFO: Run Behavior\ReadHtmlCacheBehavior [ RunTime:0.000000s ]
INFO: [ app_begin ] --END-- [ RunTime:0.000000s ]
NOTIC: [8192] mysql_connect(): The mysql extension is deprecated and will be removed in the future: use mysqli or PDO instead E:\PhpstormProjects\myzteshop\ThinkPHP\Library\Think\Db\Driver\Mysql.class.php Á¨¨ 52 Ë°å.
SQL: SHOW COLUMNS FROM `tb_goods` [ RunTime:0.004000s ]
NOTIC: [8] Use of undefined constant id - assumed 'id' E:\PhpstormProjects\myzteshop\Application\Admin\Controller\GoodsController.class.php Á¨¨ 45 Ë°å.
SQL: SELECT MAX(id) AS tp_MAX FROM `tb_goods` LIMIT 1   [ RunTime:0.001000s ]
SQL: SELECT * FROM `tb_goods` WHERE ( id=105 ) LIMIT 1   [ RunTime:0.000000s ]
NOTIC: [8] Undefined index: sub E:\PhpstormProjects\myzteshop\Application\Admin\Controller\GoodsController.class.php Á¨¨ 47 Ë°å.
INFO: [ view_parse ] --START--
INFO: [ template_filter ] --START--
INFO: Run Behavior\ContentReplaceBehavior [ RunTime:0.000000s ]
INFO: [ template_filter ] --END-- [ RunTime:0.000000s ]
INFO: [ view_parse ] --START--
INFO: [ template_filter ] --START--
INFO: Run Behavior\ContentReplaceBehavior [ RunTime:0.000000s ]
INFO: [ template_filter ] --END-- [ RunTime:-0.003000s ]
NOTIC: [2] Illegal string offset 'username' E:\PhpstormProjects\myzteshop\Application\Runtime\Cache\Admin\4525902947e4a27cbfa6d5cd87046df0.php Á¨¨ 1 Ë°å.
INFO: Run Behavior\ParseTemplateBehavior [ RunTime:0.001000s ]
INFO: [ view_parse ] --END-- [ RunTime:0.001000s ]
INFO: [ view_filter ] --START--
INFO: Run Behavior\WriteHtmlCacheBehavior [ RunTime:0.001000s ]
INFO: [ view_filter ] --END-- [ RunTime:0.001000s ]
INFO: Run Behavior\ParseTemplateBehavior [ RunTime:0.002000s ]
INFO: [ view_parse ] --END-- [ RunTime:0.001000s ]
INFO: [ view_filter ] --START--
INFO: Run Behavior\WriteHtmlCacheBehavior [ RunTime:0.000000s ]
INFO: [ view_filter ] --END-- [ RunTime:0.000000s ]
INFO: [ app_end ] --START--
INFO: Run Behavior\ShowPageTraceBehavior [ RunTime:0.001000s ]
INFO: [ app_end ] --END-- [ RunTime:0.001000s ]

[ 2016-11-11T11:24:59+08:00 ] 127.0.0.1 /admin.php/goods/add.html
INFO: [ app_init ] --START--
INFO: Run Behavior\BuildLiteBehavior [ RunTime:0.000000s ]
INFO: [ app_init ] --END-- [ RunTime:0.000000s ]
INFO: [ app_begin ] --START--
INFO: Run Behavior\ReadHtmlCacheBehavior [ RunTime:0.001000s ]
INFO: [ app_begin ] --END-- [ RunTime:0.001000s ]
NOTIC: [8192] mysql_connect(): The mysql extension is deprecated and will be removed in the future: use mysqli or PDO instead E:\PhpstormProjects\myzteshop\ThinkPHP\Library\Think\Db\Driver\Mysql.class.php Á¨¨ 52 Ë°å.
SQL: SHOW COLUMNS FROM `tb_goods` [ RunTime:0.004000s ]
NOTIC: [8] Use of undefined constant id - assumed 'id' E:\PhpstormProjects\myzteshop\Application\Admin\Controller\GoodsController.class.php Á¨¨ 45 Ë°å.
SQL: SELECT MAX(id) AS tp_MAX FROM `tb_goods` LIMIT 1   [ RunTime:0.000000s ]
SQL: SELECT * FROM `tb_goods` WHERE ( id=105 ) LIMIT 1   [ RunTime:0.000000s ]
NOTIC: [8] Undefined index: sub E:\PhpstormProjects\myzteshop\Application\Admin\Controller\GoodsController.class.php Á¨¨ 47 Ë°å.
INFO: [ view_parse ] --START--
INFO: [ template_filter ] --START--
INFO: Run Behavior\ContentReplaceBehavior [ RunTime:0.000000s ]
INFO: [ template_filter ] --END-- [ RunTime:0.001000s ]
INFO: [ view_parse ] --START--
INFO: [ template_filter ] --START--
INFO: Run Behavior\ContentReplaceBehavior [ RunTime:0.000000s ]
INFO: [ template_filter ] --END-- [ RunTime:-0.002000s ]
NOTIC: [2] Illegal string offset 'username' E:\PhpstormProjects\myzteshop\Application\Runtime\Cache\Admin\4525902947e4a27cbfa6d5cd87046df0.php Á¨¨ 1 Ë°å.
INFO: Run Behavior\ParseTemplateBehavior [ RunTime:0.001000s ]
INFO: [ view_parse ] --END-- [ RunTime:0.001000s ]
INFO: [ view_filter ] --START--
INFO: Run Behavior\WriteHtmlCacheBehavior [ RunTime:0.001000s ]
INFO: [ view_filter ] --END-- [ RunTime:0.001000s ]
NOTIC: [8] Undefined variable: goods E:\PhpstormProjects\myzteshop\Application\Runtime\Cache\Admin\346dfcdf6ec8d3c93d33b5eb4f636a21.php Á¨¨ 480 Ë°å.
INFO: Run Behavior\ParseTemplateBehavior [ RunTime:0.002000s ]
INFO: [ view_parse ] --END-- [ RunTime:0.001000s ]
INFO: [ view_filter ] --START--
INFO: Run Behavior\WriteHtmlCacheBehavior [ RunTime:0.000000s ]
INFO: [ view_filter ] --END-- [ RunTime:0.000000s ]
INFO: [ app_end ] --START--
INFO: Run Behavior\ShowPageTraceBehavior [ RunTime:0.000000s ]
INFO: [ app_end ] --END-- [ RunTime:0.000000s ]

[ 2016-11-11T11:35:49+08:00 ] 127.0.0.1 /admin.php/goods/add.html
INFO: [ app_init ] --START--
INFO: Run Behavior\BuildLiteBehavior [ RunTime:0.000000s ]
INFO: [ app_init ] --END-- [ RunTime:0.001000s ]
INFO: [ app_begin ] --START--
INFO: Run Behavior\ReadHtmlCacheBehavior [ RunTime:0.001000s ]
INFO: [ app_begin ] --END-- [ RunTime:0.001000s ]
NOTIC: [8192] mysql_connect(): The mysql extension is deprecated and will be removed in the future: use mysqli or PDO instead E:\PhpstormProjects\myzteshop\ThinkPHP\Library\Think\Db\Driver\Mysql.class.php Á¨¨ 52 Ë°å.
SQL: SHOW COLUMNS FROM `tb_goods` [ RunTime:0.005000s ]
NOTIC: [8] Use of undefined constant id - assumed 'id' E:\PhpstormProjects\myzteshop\Application\Admin\Controller\GoodsController.class.php Á¨¨ 45 Ë°å.
SQL: SELECT MAX(id) AS tp_MAX FROM `tb_goods` LIMIT 1   [ RunTime:0.000000s ]
SQL: SELECT * FROM `tb_goods` WHERE ( id=105 ) LIMIT 1   [ RunTime:0.001000s ]
NOTIC: [8] Undefined index: sub E:\PhpstormProjects\myzteshop\Application\Admin\Controller\GoodsController.class.php Á¨¨ 47 Ë°å.
INFO: [ view_parse ] --START--
INFO: [ template_filter ] --START--
INFO: Run Behavior\ContentReplaceBehavior [ RunTime:0.000000s ]
INFO: [ template_filter ] --END-- [ RunTime:0.000000s ]
INFO: [ view_parse ] --START--
INFO: [ template_filter ] --START--
INFO: Run Behavior\ContentReplaceBehavior [ RunTime:0.000000s ]
INFO: [ template_filter ] --END-- [ RunTime:-0.004000s ]
NOTIC: [2] Illegal string offset 'username' E:\PhpstormProjects\myzteshop\Application\Runtime\Cache\Admin\4525902947e4a27cbfa6d5cd87046df0.php Á¨¨ 1 Ë°å.
INFO: Run Behavior\ParseTemplateBehavior [ RunTime:0.002000s ]
INFO: [ view_parse ] --END-- [ RunTime:0.002000s ]
INFO: [ view_filter ] --START--
INFO: Run Behavior\WriteHtmlCacheBehavior [ RunTime:0.001000s ]
INFO: [ view_filter ] --END-- [ RunTime:0.001000s ]
NOTIC: [8] Undefined variable: goods E:\PhpstormProjects\myzteshop\Application\Runtime\Cache\Admin\346dfcdf6ec8d3c93d33b5eb4f636a21.php Á¨¨ 480 Ë°å.
INFO: Run Behavior\ParseTemplateBehavior [ RunTime:0.003000s ]
INFO: [ view_parse ] --END-- [ RunTime:0.002000s ]
INFO: [ view_filter ] --START--
INFO: Run Behavior\WriteHtmlCacheBehavior [ RunTime:0.000000s ]
INFO: [ view_filter ] --END-- [ RunTime:0.000000s ]
INFO: [ app_end ] --START--
INFO: Run Behavior\ShowPageTraceBehavior [ RunTime:0.001000s ]
INFO: [ app_end ] --END-- [ RunTime:0.001000s ]

[ 2016-11-11T12:41:39+08:00 ] 127.0.0.1 /admin.php/goods/add.html
INFO: [ app_init ] --START--
INFO: Run Behavior\BuildLiteBehavior [ RunTime:0.000000s ]
INFO: [ app_init ] --END-- [ RunTime:0.000000s ]
INFO: [ app_begin ] --START--
INFO: Run Behavior\ReadHtmlCacheBehavior [ RunTime:0.001000s ]
INFO: [ app_begin ] --END-- [ RunTime:0.001000s ]
NOTIC: [8192] mysql_connect(): The mysql extension is deprecated and will be removed in the future: use mysqli or PDO instead E:\PhpstormProjects\myzteshop\ThinkPHP\Library\Think\Db\Driver\Mysql.class.php Á¨¨ 52 Ë°å.
SQL: SHOW COLUMNS FROM `tb_goods` [ RunTime:0.003000s ]
NOTIC: [8] Use of undefined constant id - assumed 'id' E:\PhpstormProjects\myzteshop\Application\Admin\Controller\GoodsController.class.php Á¨¨ 45 Ë°å.
SQL: SELECT MAX(id) AS tp_MAX FROM `tb_goods` LIMIT 1   [ RunTime:0.000000s ]
SQL: SELECT * FROM `tb_goods` WHERE ( id=105 ) LIMIT 1   [ RunTime:0.001000s ]
NOTIC: [8] Undefined index: sub E:\PhpstormProjects\myzteshop\Application\Admin\Controller\GoodsController.class.php Á¨¨ 47 Ë°å.
INFO: [ view_parse ] --START--
INFO: [ template_filter ] --START--
INFO: Run Behavior\ContentReplaceBehavior [ RunTime:0.000000s ]
INFO: [ template_filter ] --END-- [ RunTime:0.000000s ]
INFO: [ view_parse ] --START--
INFO: [ template_filter ] --START--
INFO: Run Behavior\ContentReplaceBehavior [ RunTime:0.001000s ]
INFO: [ template_filter ] --END-- [ RunTime:-0.003000s ]
NOTIC: [2] Illegal string offset 'username' E:\PhpstormProjects\myzteshop\Application\Runtime\Cache\Admin\4525902947e4a27cbfa6d5cd87046df0.php Á¨¨ 1 Ë°å.
INFO: Run Behavior\ParseTemplateBehavior [ RunTime:0.001000s ]
INFO: [ view_parse ] --END-- [ RunTime:0.002000s ]
INFO: [ view_filter ] --START--
INFO: Run Behavior\WriteHtmlCacheBehavior [ RunTime:0.000000s ]
INFO: [ view_filter ] --END-- [ RunTime:0.000000s ]
NOTIC: [8] Undefined variable: goods E:\PhpstormProjects\myzteshop\Application\Runtime\Cache\Admin\346dfcdf6ec8d3c93d33b5eb4f636a21.php Á¨¨ 480 Ë°å.
INFO: Run Behavior\ParseTemplateBehavior [ RunTime:0.002000s ]
INFO: [ view_parse ] --END-- [ RunTime:0.002000s ]
INFO: [ view_filter ] --START--
INFO: Run Behavior\WriteHtmlCacheBehavior [ RunTime:0.000000s ]
INFO: [ view_filter ] --END-- [ RunTime:0.000000s ]
INFO: [ app_end ] --START--
INFO: Run Behavior\ShowPageTraceBehavior [ RunTime:0.001000s ]
INFO: [ app_end ] --END-- [ RunTime:0.001000s ]

[ 2016-11-11T14:02:41+08:00 ] 127.0.0.1 /admin.php/goods/index.html
INFO: [ app_init ] --START--
INFO: Run Behavior\BuildLiteBehavior [ RunTime:0.000000s ]
INFO: [ app_init ] --END-- [ RunTime:0.001000s ]
INFO: [ app_begin ] --START--
INFO: Run Behavior\ReadHtmlCacheBehavior [ RunTime:0.000000s ]
INFO: [ app_begin ] --END-- [ RunTime:0.001000s ]
NOTIC: [8192] mysql_connect(): The mysql extension is deprecated and will be removed in the future: use mysqli or PDO instead E:\PhpstormProjects\myzteshop\ThinkPHP\Library\Think\Db\Driver\Mysql.class.php Á¨¨ 52 Ë°å.
SQL: SHOW COLUMNS FROM `tb_goods` [ RunTime:0.004000s ]
NOTIC: [8] Undefined index: rance E:\PhpstormProjects\myzteshop\Application\Admin\Controller\GoodsController.class.php Á¨¨ 19 Ë°å.
NOTIC: [8] Undefined index: vest E:\PhpstormProjects\myzteshop\Application\Admin\Controller\GoodsController.class.php Á¨¨ 22 Ë°å.
NOTIC: [8] Undefined index: goodsname E:\PhpstormProjects\myzteshop\Application\Admin\Controller\GoodsController.class.php Á¨¨ 25 Ë°å.
NOTIC: [8] Undefined offset: 0 E:\PhpstormProjects\myzteshop\Application\Admin\Controller\GoodsController.class.php Á¨¨ 28 Ë°å.
NOTIC: [8] Undefined index: renqi E:\PhpstormProjects\myzteshop\Application\Admin\Controller\GoodsController.class.php Á¨¨ 31 Ë°å.
NOTIC: [8] Undefined index: id E:\PhpstormProjects\myzteshop\Application\Admin\Controller\GoodsController.class.php Á¨¨ 34 Ë°å.
NOTIC: [8] Undefined variable: map E:\PhpstormProjects\myzteshop\Application\Admin\Controller\GoodsController.class.php Á¨¨ 37 Ë°å.
SQL: SELECT COUNT(*) AS tp_count FROM `tb_goods` LIMIT 1   [ RunTime:0.001000s ]
NOTIC: [8] Undefined variable: map E:\PhpstormProjects\myzteshop\Application\Admin\Controller\GoodsController.class.php Á¨¨ 38 Ë°å.
SQL: SELECT * FROM `tb_goods` LIMIT 0,8   [ RunTime:0.008000s ]
ERR: Ê®°Êùø‰∏çÂ≠òÂú®:./Application/Admin/View/Goods/index.html

[ 2016-11-11T14:40:49+08:00 ] 127.0.0.1 /admin.php/Webconfig/index.html
INFO: [ app_init ] --START--
INFO: Run Behavior\BuildLiteBehavior [ RunTime:0.000000s ]
INFO: [ app_init ] --END-- [ RunTime:0.001000s ]
INFO: [ app_begin ] --START--
INFO: Run Behavior\ReadHtmlCacheBehavior [ RunTime:0.000000s ]
INFO: [ app_begin ] --END-- [ RunTime:0.000000s ]
ERR: Êó†Ê≥ïÂä†ËΩΩÊéßÂà∂Âô®:Webconfig

[ 2016-11-11T14:40:54+08:00 ] 127.0.0.1 /admin.php/Hotgoods/index
INFO: [ app_init ] --START--
INFO: Run Behavior\BuildLiteBehavior [ RunTime:0.000000s ]
INFO: [ app_init ] --END-- [ RunTime:0.001000s ]
INFO: [ app_begin ] --START--
INFO: Run Behavior\ReadHtmlCacheBehavior [ RunTime:0.000000s ]
INFO: [ app_begin ] --END-- [ RunTime:0.000000s ]
ERR: Êó†Ê≥ïÂä†ËΩΩÊéßÂà∂Âô®:Hotgoods

[ 2016-11-11T14:42:50+08:00 ] 127.0.0.1 /admin.php/login/Logout
INFO: [ app_init ] --START--
INFO: Run Behavior\BuildLiteBehavior [ RunTime:0.000000s ]
INFO: [ app_init ] --END-- [ RunTime:0.001000s ]
INFO: [ app_begin ] --START--
INFO: Run Behavior\ReadHtmlCacheBehavior [ RunTime:0.000000s ]
INFO: [ app_begin ] --END-- [ RunTime:0.001000s ]

[ 2016-11-11T14:42:50+08:00 ] 127.0.0.1 /admin.php/login/index.html
INFO: [ app_init ] --START--
INFO: Run Behavior\BuildLiteBehavior [ RunTime:0.000000s ]
INFO: [ app_init ] --END-- [ RunTime:0.000000s ]
INFO: [ app_begin ] --START--
INFO: Run Behavior\ReadHtmlCacheBehavior [ RunTime:0.000000s ]
INFO: [ app_begin ] --END-- [ RunTime:0.000000s ]
INFO: [ view_parse ] --START--
INFO: [ template_filter ] --START--
INFO: Run Behavior\ContentReplaceBehavior [ RunTime:0.000000s ]
INFO: [ template_filter ] --END-- [ RunTime:0.000000s ]
INFO: Run Behavior\ParseTemplateBehavior [ RunTime:0.007001s ]
INFO: [ view_parse ] --END-- [ RunTime:0.007001s ]
INFO: [ view_filter ] --START--
INFO: Run Behavior\WriteHtmlCacheBehavior [ RunTime:0.001000s ]
INFO: [ view_filter ] --END-- [ RunTime:0.001000s ]
INFO: [ app_end ] --START--
INFO: Run Behavior\ShowPageTraceBehavior [ RunTime:0.001000s ]
INFO: [ app_end ] --END-- [ RunTime:0.001000s ]

[ 2016-11-11T14:42:50+08:00 ] 127.0.0.1 /admin.php/login/assets/js/jquery-2.0.3.min.js
INFO: [ app_init ] --START--
INFO: Run Behavior\BuildLiteBehavior [ RunTime:0.000000s ]
INFO: [ app_init ] --END-- [ RunTime:0.001000s ]
INFO: [ app_begin ] --START--
INFO: Run Behavior\ReadHtmlCacheBehavior [ RunTime:0.000000s ]
INFO: [ app_begin ] --END-- [ RunTime:0.000000s ]
ERR: ÈùûÊ≥ïÊìç‰Ωú:assets

[ 2016-11-11T14:42:50+08:00 ] 127.0.0.1 /admin.php/login/assets/js/jquery-2.0.3.min.js
INFO: [ app_init ] --START--
INFO: Run Behavior\BuildLiteBehavior [ RunTime:0.000000s ]
INFO: [ app_init ] --END-- [ RunTime:0.000000s ]
INFO: [ app_begin ] --START--
INFO: Run Behavior\ReadHtmlCacheBehavior [ RunTime:0.001000s ]
INFO: [ app_begin ] --END-- [ RunTime:0.001000s ]
ERR: ÈùûÊ≥ïÊìç‰Ωú:assets

